Using pre-set license
Built from '2020.2/staging' branch; Version is '2020.2.7f1 (c53830e277f1) revision 12924976'; Using compiler version '192528614'; Build Type 'Release'
OS: 'Windows 10 Pro; OS build 19041.867; Version 2004; 64bit' Language: 'da' Physical Memory: 6081 MB
BatchMode: 1, IsHumanControllingUs: 0, StartBugReporterOnCrash: 0, Is64bit: 1, IsPro: 0

 COMMAND LINE ARGUMENTS:
C:\Program Files\Unity\Hub\Editor\2020.2.7f1\Editor\Unity.exe
-adb2
-batchMode
-noUpm
-name
AssetImportWorker0
-projectPath
C:/Users/David/Documents/GamedevOpgaver/flow2handin
-logFile
Logs/AssetImportWorker0.log
-srvPort
63840
Successfully changed project path to: C:/Users/David/Documents/GamedevOpgaver/flow2handin
C:/Users/David/Documents/GamedevOpgaver/flow2handin
Using Asset Import Pipeline V2.
Refreshing native plugins compatible for Editor in 31.50 ms, found 0 plugins.
Preloading 0 native plugins for Editor in 0.00 ms.
Initialize engine version: 2020.2.7f1 (c53830e277f1)
[Subsystems] Discovering subsystems at path C:/Program Files/Unity/Hub/Editor/2020.2.7f1/Editor/Data/Resources/UnitySubsystems
[Subsystems] Discovering subsystems at path C:/Users/David/Documents/GamedevOpgaver/flow2handin/Assets
GfxDevice: creating device client; threaded=0
Direct3D:
    Version:  Direct3D 11.0 [level 11.1]
    Renderer: NVIDIA GeForce GTX 1650 (ID=0x1f91)
    Vendor:   
    VRAM:     3962 MB
    Driver:   26.21.14.4614
Initialize mono
Mono path[0] = 'C:/Program Files/Unity/Hub/Editor/2020.2.7f1/Editor/Data/Managed'
Mono path[1] = 'C:/Program Files/Unity/Hub/Editor/2020.2.7f1/Editor/Data/MonoBleedingEdge/lib/mono/unityjit'
Mono config path = 'C:/Program Files/Unity/Hub/Editor/2020.2.7f1/Editor/Data/MonoBleedingEdge/etc'
Using monoOptions --debugger-agent=transport=dt_socket,embedding=1,server=y,suspend=n,address=127.0.0.1:56424
Begin MonoManager ReloadAssembly
Registering precompiled unity dll's ...
Register platform support module: C:/Program Files/Unity/Hub/Editor/2020.2.7f1/Editor/Data/PlaybackEngines/WindowsStandaloneSupport/UnityEditor.WindowsStandalone.Extensions.dll
Registered in 0.002632 seconds.
Native extension for WindowsStandalone target not found
Refreshing native plugins compatible for Editor in 26.38 ms, found 0 plugins.
Preloading 0 native plugins for Editor in 0.00 ms.
Invoked RoslynAnalysisRunner static constructor.
RoslynAnalysisRunner will not be running.
RoslynAnalysisRunner has terminated.
Mono: successfully reloaded assembly
- Completed reload, in  2.388 seconds
Platform modules already initialized, skipping
Registering precompiled user dll's ...
Registered in 0.000844 seconds.
Begin MonoManager ReloadAssembly
Native extension for WindowsStandalone target not found
Refreshing native plugins compatible for Editor in 0.26 ms, found 0 plugins.
Preloading 0 native plugins for Editor in 0.00 ms.
Invoked RoslynAnalysisRunner static constructor.
RoslynAnalysisRunner will not be running.
RoslynAnalysisRunner has terminated.
Mono: successfully reloaded assembly
- Completed reload, in  1.026 seconds
Platform modules already initialized, skipping
========================================================================
Worker process is ready to serve import requests
Launched and connected shader compiler UnityShaderCompiler.exe after 0.05 seconds
Refreshing native plugins compatible for Editor in 0.29 ms, found 0 plugins.
Preloading 0 native plugins for Editor in 0.00 ms.
Unloading 1117 Unused Serialized files (Serialized files now loaded: 0)
System memory in use before: 57.0 MB.
System memory in use after: 57.1 MB.

Unloading 9 unused Assets to reduce memory usage. Loaded Objects now: 1561.
Total: 2.610600 ms (FindLiveObjects: 0.219800 ms CreateObjectMapping: 0.054100 ms MarkObjects: 2.232500 ms  DeleteObjects: 0.101900 ms)

========================================================================
Received Import Request.
  path: Assets/Scripts/HealthBar.cs
  artifactKey: Guid(e4e5d7e60c57cd9438d4f8983934a602) Importer(815301076,1909f56bfc062723c751e8b465ee728b)
Start importing Assets/Scripts/HealthBar.cs using Guid(e4e5d7e60c57cd9438d4f8983934a602) Importer(815301076,1909f56bfc062723c751e8b465ee728b)  -> (artifact id: 'c9d9d44f8dffe277eaaebb6ceebb69bf') in 0.041820 seconds
  Import took 0.044693 seconds .

========================================================================
Received Import Request.
  Time since last request: 2.840010 seconds.
  path: Assets/Animations
  artifactKey: Guid(7c1c52a9a787df2499fb1c8ef6ad2860) Importer(815301076,1909f56bfc062723c751e8b465ee728b)
Start importing Assets/Animations using Guid(7c1c52a9a787df2499fb1c8ef6ad2860) Importer(815301076,1909f56bfc062723c751e8b465ee728b)  -> (artifact id: 'be94474018b075a187fafd1e14ab0c92') in 0.011494 seconds
  Import took 0.014572 seconds .

========================================================================
Received Import Request.
  Time since last request: 33.372641 seconds.
  path: Assets/Animations/Mannequin.fbx
  artifactKey: Guid(365b383d034e7bf448133e594d9cc5e4) Importer(815301076,1909f56bfc062723c751e8b465ee728b)
Start importing Assets/Animations/Mannequin.fbx using Guid(365b383d034e7bf448133e594d9cc5e4) Importer(815301076,1909f56bfc062723c751e8b465ee728b)  -> (artifact id: '7fe7683c5472e6ab90354dcc75b81d64') in 0.226490 seconds
  Import took 0.229598 seconds .

========================================================================
Received Import Request.
  Time since last request: 58.498622 seconds.
  path: Assets/Animations/Mannequin
  artifactKey: Guid(569570a661bb9bb408a679b0499caaaa) Importer(815301076,1909f56bfc062723c751e8b465ee728b)
Start importing Assets/Animations/Mannequin using Guid(569570a661bb9bb408a679b0499caaaa) Importer(815301076,1909f56bfc062723c751e8b465ee728b)  -> (artifact id: 'e3e4a826c92d9b82db97f4ce2a031ce0') in 0.010860 seconds
  Import took 0.014392 seconds .

========================================================================
Received Import Request.
  Time since last request: 432.426705 seconds.
  path: Assets/Animations/Mannequin/MannequinAnimController.controller
  artifactKey: Guid(61d1aa2483ad04746a3daadff3340285) Importer(815301076,1909f56bfc062723c751e8b465ee728b)
Start importing Assets/Animations/Mannequin/MannequinAnimController.controller using Guid(61d1aa2483ad04746a3daadff3340285) Importer(815301076,1909f56bfc062723c751e8b465ee728b)  -> (artifact id: 'bbf1a5af2f4b2e67db7ca22a71fd0c7f') in 0.020081 seconds
  Import took 0.023235 seconds .

========================================================================
Received Import Request.
  Time since last request: 34.983894 seconds.
  path: Assets/Animations/Mannequin/M_Walking.fbx
  artifactKey: Guid(b2e8cd30574012243aefb9a436d0d87a) Importer(815301076,1909f56bfc062723c751e8b465ee728b)
Start importing Assets/Animations/Mannequin/M_Walking.fbx using Guid(b2e8cd30574012243aefb9a436d0d87a) Importer(815301076,1909f56bfc062723c751e8b465ee728b)  -> (artifact id: '192af4f7361773a443551a31278282c4') in 0.014779 seconds
  Import took 0.018053 seconds .

========================================================================
Received Import Request.
  Time since last request: 11.474143 seconds.
  path: Assets/Animations/Mannequin/M_Running.fbx
  artifactKey: Guid(d1607d9c082bc6f4982d1cc4be2e2bce) Importer(815301076,1909f56bfc062723c751e8b465ee728b)
Start importing Assets/Animations/Mannequin/M_Running.fbx using Guid(d1607d9c082bc6f4982d1cc4be2e2bce) Importer(815301076,1909f56bfc062723c751e8b465ee728b)  -> (artifact id: '2bd82c96aa6ae3e0fc2217c5cf6dcfdf') in 0.015772 seconds
  Import took 0.019724 seconds .

========================================================================
Received Import Request.
  Time since last request: 121.393784 seconds.
  path: Assets/Animations/Mannequin/M_Idle.fbx
  artifactKey: Guid(7ada4551c79693b44b140ed2c995b825) Importer(815301076,1909f56bfc062723c751e8b465ee728b)
Start importing Assets/Animations/Mannequin/M_Idle.fbx using Guid(7ada4551c79693b44b140ed2c995b825) Importer(815301076,1909f56bfc062723c751e8b465ee728b)  -> (artifact id: '3cce102b148aa74db889b33e23573c19') in 0.016402 seconds
  Import took 0.019859 seconds .

========================================================================
Received Import Request.
  Time since last request: 32.126230 seconds.
  path: Assets/Animations/Mannequin/M_Idle.fbx
  artifactKey: Guid(7ada4551c79693b44b140ed2c995b825) Importer(815301076,1909f56bfc062723c751e8b465ee728b)
Start importing Assets/Animations/Mannequin/M_Idle.fbx using Guid(7ada4551c79693b44b140ed2c995b825) Importer(815301076,1909f56bfc062723c751e8b465ee728b)  -> (artifact id: '3cd3a41fc0fd3d6462fd17011bc0433c') in 0.013952 seconds
  Import took 0.016773 seconds .

========================================================================
Received Prepare
Registering precompiled user dll's ...
Registered in 0.000999 seconds.
Begin MonoManager ReloadAssembly
Native extension for WindowsStandalone target not found
Refreshing native plugins compatible for Editor in 0.43 ms, found 0 plugins.
Preloading 0 native plugins for Editor in 0.00 ms.
Invoked RoslynAnalysisRunner static constructor.
RoslynAnalysisRunner will not be running.
RoslynAnalysisRunner has terminated.
Mono: successfully reloaded assembly
- Completed reload, in  1.326 seconds
Platform modules already initialized, skipping
Refreshing native plugins compatible for Editor in 0.26 ms, found 0 plugins.
Preloading 0 native plugins for Editor in 0.00 ms.
Unloading 1114 Unused Serialized files (Serialized files now loaded: 0)
System memory in use before: 74.5 MB.
System memory in use after: 74.6 MB.

Unloading 4 unused Assets to reduce memory usage. Loaded Objects now: 1611.
Total: 2.488000 ms (FindLiveObjects: 0.338500 ms CreateObjectMapping: 0.061300 ms MarkObjects: 2.061900 ms  DeleteObjects: 0.024200 ms)

========================================================================
Received Import Request.
  Time since last request: 417.358212 seconds.
  path: Assets/Scenes
  artifactKey: Guid(a9b52659c14874549a0fbb48653faebf) Importer(815301076,1909f56bfc062723c751e8b465ee728b)
Start importing Assets/Scenes using Guid(a9b52659c14874549a0fbb48653faebf) Importer(815301076,1909f56bfc062723c751e8b465ee728b)  -> (artifact id: '5650dcef4660f5f7176ac2f06dc642db') in 0.014735 seconds
  Import took 0.018310 seconds .

========================================================================
Received Import Request.
  Time since last request: 0.001219 seconds.
  path: Assets/Scenes
  artifactKey: Guid(a9b52659c14874549a0fbb48653faebf) Importer(815301076,1909f56bfc062723c751e8b465ee728b)
Start importing Assets/Scenes using Guid(a9b52659c14874549a0fbb48653faebf) Importer(815301076,1909f56bfc062723c751e8b465ee728b)  -> (artifact id: '5650dcef4660f5f7176ac2f06dc642db') in 0.004123 seconds
  Import took 0.006929 seconds .

========================================================================
Received Import Request.
  Time since last request: 17.173851 seconds.
  path: Assets/Scenes/NPCragdolls.unity
  artifactKey: Guid(b9ccadf4f52eecc448bf2ac6ee946b66) Importer(815301076,1909f56bfc062723c751e8b465ee728b)
Start importing Assets/Scenes/NPCragdolls.unity using Guid(b9ccadf4f52eecc448bf2ac6ee946b66) Importer(815301076,1909f56bfc062723c751e8b465ee728b)  -> (artifact id: '629d78a6f38feba51fa27d20cc3b3813') in 0.022742 seconds
  Import took 0.026396 seconds .

========================================================================
Received Import Request.
  Time since last request: 230.965219 seconds.
  path: Assets/Animations/Mannequin/MannequinAvatar.mask
  artifactKey: Guid(04427a8d7596a384985f9f0dfbd2020b) Importer(815301076,1909f56bfc062723c751e8b465ee728b)
Start importing Assets/Animations/Mannequin/MannequinAvatar.mask using Guid(04427a8d7596a384985f9f0dfbd2020b) Importer(815301076,1909f56bfc062723c751e8b465ee728b)  -> (artifact id: 'f6838c5c8c3ab3ab09f848293475a9ab') in 0.015476 seconds
  Import took 0.018620 seconds .

========================================================================
Received Import Request.
  Time since last request: 322.364290 seconds.
  path: Assets/Models/Dude.fbx
  artifactKey: Guid(a9f1ddfb9d5c1f04aaa6abee37e14e76) Importer(815301076,1909f56bfc062723c751e8b465ee728b)
Start importing Assets/Models/Dude.fbx using Guid(a9f1ddfb9d5c1f04aaa6abee37e14e76) Importer(815301076,1909f56bfc062723c751e8b465ee728b)  -> (artifact id: 'bd8c4cade3dc806cd3ae8a997c11ba84') in 0.196416 seconds
  Import took 0.199577 seconds .

========================================================================
Received Prepare
Registering precompiled user dll's ...
Registered in 0.001308 seconds.
Begin MonoManager ReloadAssembly
Native extension for WindowsStandalone target not found
Refreshing native plugins compatible for Editor in 0.31 ms, found 0 plugins.
Preloading 0 native plugins for Editor in 0.00 ms.
Invoked RoslynAnalysisRunner static constructor.
RoslynAnalysisRunner will not be running.
RoslynAnalysisRunner has terminated.
Mono: successfully reloaded assembly
- Completed reload, in  1.053 seconds
Platform modules already initialized, skipping
Refreshing native plugins compatible for Editor in 0.26 ms, found 0 plugins.
Preloading 0 native plugins for Editor in 0.00 ms.
Unloading 1114 Unused Serialized files (Serialized files now loaded: 0)
System memory in use before: 74.6 MB.
System memory in use after: 74.7 MB.

Unloading 4 unused Assets to reduce memory usage. Loaded Objects now: 1615.
Total: 2.576200 ms (FindLiveObjects: 0.315500 ms CreateObjectMapping: 0.048500 ms MarkObjects: 2.185600 ms  DeleteObjects: 0.024600 ms)

========================================================================
Received Prepare
Registering precompiled user dll's ...
Registered in 0.000973 seconds.
Begin MonoManager ReloadAssembly
Native extension for WindowsStandalone target not found
Refreshing native plugins compatible for Editor in 0.27 ms, found 0 plugins.
Preloading 0 native plugins for Editor in 0.00 ms.
Invoked RoslynAnalysisRunner static constructor.
RoslynAnalysisRunner will not be running.
RoslynAnalysisRunner has terminated.
Mono: successfully reloaded assembly
- Completed reload, in  0.980 seconds
Platform modules already initialized, skipping
Refreshing native plugins compatible for Editor in 0.26 ms, found 0 plugins.
Preloading 0 native plugins for Editor in 0.00 ms.
Unloading 1114 Unused Serialized files (Serialized files now loaded: 0)
System memory in use before: 74.6 MB.
System memory in use after: 74.7 MB.

Unloading 4 unused Assets to reduce memory usage. Loaded Objects now: 1618.
Total: 2.706500 ms (FindLiveObjects: 0.245900 ms CreateObjectMapping: 0.051100 ms MarkObjects: 2.384000 ms  DeleteObjects: 0.023100 ms)

========================================================================
Received Prepare
Registering precompiled user dll's ...
Registered in 0.001121 seconds.
Begin MonoManager ReloadAssembly
Native extension for WindowsStandalone target not found
Refreshing native plugins compatible for Editor in 0.55 ms, found 0 plugins.
Preloading 0 native plugins for Editor in 0.00 ms.
Invoked RoslynAnalysisRunner static constructor.
RoslynAnalysisRunner will not be running.
RoslynAnalysisRunner has terminated.
Mono: successfully reloaded assembly
- Completed reload, in  0.970 seconds
Platform modules already initialized, skipping
Refreshing native plugins compatible for Editor in 0.25 ms, found 0 plugins.
Preloading 0 native plugins for Editor in 0.00 ms.
Unloading 1114 Unused Serialized files (Serialized files now loaded: 0)
System memory in use before: 74.6 MB.
System memory in use after: 74.7 MB.

Unloading 4 unused Assets to reduce memory usage. Loaded Objects now: 1621.
Total: 2.391800 ms (FindLiveObjects: 0.206200 ms CreateObjectMapping: 0.044900 ms MarkObjects: 2.116500 ms  DeleteObjects: 0.022200 ms)

========================================================================
Received Prepare
Registering precompiled user dll's ...
Registered in 0.000849 seconds.
Begin MonoManager ReloadAssembly
Native extension for WindowsStandalone target not found
Refreshing native plugins compatible for Editor in 0.28 ms, found 0 plugins.
Preloading 0 native plugins for Editor in 0.00 ms.
Invoked RoslynAnalysisRunner static constructor.
RoslynAnalysisRunner will not be running.
RoslynAnalysisRunner has terminated.
Mono: successfully reloaded assembly
- Completed reload, in  0.963 seconds
Platform modules already initialized, skipping
Refreshing native plugins compatible for Editor in 0.26 ms, found 0 plugins.
Preloading 0 native plugins for Editor in 0.00 ms.
Unloading 1114 Unused Serialized files (Serialized files now loaded: 0)
System memory in use before: 74.6 MB.
System memory in use after: 74.7 MB.

Unloading 4 unused Assets to reduce memory usage. Loaded Objects now: 1624.
Total: 2.438500 ms (FindLiveObjects: 0.277000 ms CreateObjectMapping: 0.047900 ms MarkObjects: 2.089200 ms  DeleteObjects: 0.022200 ms)

========================================================================
Received Prepare
Registering precompiled user dll's ...
Registered in 0.001120 seconds.
Begin MonoManager ReloadAssembly
Native extension for WindowsStandalone target not found
Refreshing native plugins compatible for Editor in 0.26 ms, found 0 plugins.
Preloading 0 native plugins for Editor in 0.00 ms.
Invoked RoslynAnalysisRunner static constructor.
RoslynAnalysisRunner will not be running.
RoslynAnalysisRunner has terminated.
Mono: successfully reloaded assembly
- Completed reload, in  0.932 seconds
Platform modules already initialized, skipping
Refreshing native plugins compatible for Editor in 0.26 ms, found 0 plugins.
Preloading 0 native plugins for Editor in 0.00 ms.
Unloading 1114 Unused Serialized files (Serialized files now loaded: 0)
System memory in use before: 74.6 MB.
System memory in use after: 74.7 MB.

Unloading 4 unused Assets to reduce memory usage. Loaded Objects now: 1627.
Total: 2.351000 ms (FindLiveObjects: 0.207500 ms CreateObjectMapping: 0.045300 ms MarkObjects: 2.073100 ms  DeleteObjects: 0.023500 ms)

========================================================================
Received Prepare
Registering precompiled user dll's ...
Registered in 0.001508 seconds.
Begin MonoManager ReloadAssembly
Native extension for WindowsStandalone target not found
Refreshing native plugins compatible for Editor in 0.28 ms, found 0 plugins.
Preloading 0 native plugins for Editor in 0.00 ms.
Invoked RoslynAnalysisRunner static constructor.
RoslynAnalysisRunner will not be running.
RoslynAnalysisRunner has terminated.
Mono: successfully reloaded assembly
- Completed reload, in  0.990 seconds
Platform modules already initialized, skipping
Refreshing native plugins compatible for Editor in 0.27 ms, found 0 plugins.
Preloading 0 native plugins for Editor in 0.00 ms.
Unloading 1114 Unused Serialized files (Serialized files now loaded: 0)
System memory in use before: 74.6 MB.
System memory in use after: 74.7 MB.

Unloading 4 unused Assets to reduce memory usage. Loaded Objects now: 1630.
Total: 2.002600 ms (FindLiveObjects: 0.195700 ms CreateObjectMapping: 0.041800 ms MarkObjects: 1.729800 ms  DeleteObjects: 0.033900 ms)

========================================================================
Received Prepare
Registering precompiled user dll's ...
Registered in 0.001278 seconds.
Begin MonoManager ReloadAssembly
Native extension for WindowsStandalone target not found
Refreshing native plugins compatible for Editor in 0.35 ms, found 0 plugins.
Preloading 0 native plugins for Editor in 0.00 ms.
Invoked RoslynAnalysisRunner static constructor.
RoslynAnalysisRunner will not be running.
RoslynAnalysisRunner has terminated.
Mono: successfully reloaded assembly
- Completed reload, in  1.263 seconds
Platform modules already initialized, skipping
Refreshing native plugins compatible for Editor in 0.50 ms, found 0 plugins.
Preloading 0 native plugins for Editor in 0.00 ms.
Unloading 1114 Unused Serialized files (Serialized files now loaded: 0)
System memory in use before: 74.6 MB.
System memory in use after: 74.7 MB.

Unloading 4 unused Assets to reduce memory usage. Loaded Objects now: 1633.
Total: 3.340800 ms (FindLiveObjects: 0.365500 ms CreateObjectMapping: 0.093000 ms MarkObjects: 2.853300 ms  DeleteObjects: 0.026100 ms)

========================================================================
Received Import Request.
  Time since last request: 952.906675 seconds.
  path: Assets/Animations/Mannequin/Mannequin 1.fbx
  artifactKey: Guid(14b6ad358bf68224a87b15a748246de7) Importer(815301076,1909f56bfc062723c751e8b465ee728b)
Start importing Assets/Animations/Mannequin/Mannequin 1.fbx using Guid(14b6ad358bf68224a87b15a748246de7) Importer(815301076,1909f56bfc062723c751e8b465ee728b)  -> (artifact id: '04b649fa7b1f3fd7e5cdc6905065bd05') in 0.156902 seconds
  Import took 0.160946 seconds .

========================================================================
Received Prepare
Registering precompiled user dll's ...
Registered in 0.000916 seconds.
Begin MonoManager ReloadAssembly
Native extension for WindowsStandalone target not found
Refreshing native plugins compatible for Editor in 0.28 ms, found 0 plugins.
Preloading 0 native plugins for Editor in 0.00 ms.
Invoked RoslynAnalysisRunner static constructor.
RoslynAnalysisRunner will not be running.
RoslynAnalysisRunner has terminated.
Mono: successfully reloaded assembly
- Completed reload, in  0.980 seconds
Platform modules already initialized, skipping
Refreshing native plugins compatible for Editor in 0.30 ms, found 0 plugins.
Preloading 0 native plugins for Editor in 0.00 ms.
Unloading 1114 Unused Serialized files (Serialized files now loaded: 0)
System memory in use before: 74.7 MB.
System memory in use after: 74.8 MB.

Unloading 4 unused Assets to reduce memory usage. Loaded Objects now: 1637.
Total: 2.018300 ms (FindLiveObjects: 0.204600 ms CreateObjectMapping: 0.042500 ms MarkObjects: 1.749400 ms  DeleteObjects: 0.020200 ms)

========================================================================
Received Prepare
Registering precompiled user dll's ...
Registered in 0.000829 seconds.
Begin MonoManager ReloadAssembly
Native extension for WindowsStandalone target not found
Refreshing native plugins compatible for Editor in 0.30 ms, found 0 plugins.
Preloading 0 native plugins for Editor in 0.00 ms.
Invoked RoslynAnalysisRunner static constructor.
RoslynAnalysisRunner will not be running.
RoslynAnalysisRunner has terminated.
Mono: successfully reloaded assembly
- Completed reload, in  0.988 seconds
Platform modules already initialized, skipping
Refreshing native plugins compatible for Editor in 0.26 ms, found 0 plugins.
Preloading 0 native plugins for Editor in 0.00 ms.
Unloading 1116 Unused Serialized files (Serialized files now loaded: 0)
System memory in use before: 74.7 MB.
System memory in use after: 74.8 MB.

Unloading 4 unused Assets to reduce memory usage. Loaded Objects now: 1642.
Total: 2.508500 ms (FindLiveObjects: 0.242600 ms CreateObjectMapping: 0.048800 ms MarkObjects: 2.192900 ms  DeleteObjects: 0.021700 ms)

========================================================================
Received Import Request.
  Time since last request: 352.227828 seconds.
  path: Assets/Scripts/MineSpawner.cs
  artifactKey: Guid(a9f9f922003a02d4b83721aa1b8f85e0) Importer(815301076,1909f56bfc062723c751e8b465ee728b)
Start importing Assets/Scripts/MineSpawner.cs using Guid(a9f9f922003a02d4b83721aa1b8f85e0) Importer(815301076,1909f56bfc062723c751e8b465ee728b)  -> (artifact id: 'fd20ca2c33bdfc880c38b21f9c5f5ad8') in 0.015514 seconds
  Import took 0.018780 seconds .

========================================================================
Received Import Request.
  Time since last request: 0.027106 seconds.
  path: Assets/Scripts/MineSpawner.cs
  artifactKey: Guid(a9f9f922003a02d4b83721aa1b8f85e0) Importer(815301076,1909f56bfc062723c751e8b465ee728b)
Start importing Assets/Scripts/MineSpawner.cs using Guid(a9f9f922003a02d4b83721aa1b8f85e0) Importer(815301076,1909f56bfc062723c751e8b465ee728b)  -> (artifact id: 'fd20ca2c33bdfc880c38b21f9c5f5ad8') in 0.004550 seconds
  Import took 0.007680 seconds .

========================================================================
Received Prepare
Registering precompiled user dll's ...
Registered in 0.000948 seconds.
Begin MonoManager ReloadAssembly
Native extension for WindowsStandalone target not found
Refreshing native plugins compatible for Editor in 0.26 ms, found 0 plugins.
Preloading 0 native plugins for Editor in 0.00 ms.
Invoked RoslynAnalysisRunner static constructor.
RoslynAnalysisRunner will not be running.
RoslynAnalysisRunner has terminated.
Mono: successfully reloaded assembly
- Completed reload, in  0.955 seconds
Platform modules already initialized, skipping
Refreshing native plugins compatible for Editor in 0.26 ms, found 0 plugins.
Preloading 0 native plugins for Editor in 0.00 ms.
Unloading 1116 Unused Serialized files (Serialized files now loaded: 0)
System memory in use before: 74.7 MB.
System memory in use after: 74.8 MB.

Unloading 4 unused Assets to reduce memory usage. Loaded Objects now: 1645.
Total: 2.591900 ms (FindLiveObjects: 0.210800 ms CreateObjectMapping: 0.045200 ms MarkObjects: 2.309500 ms  DeleteObjects: 0.024800 ms)

========================================================================
Received Import Request.
  Time since last request: 164.790047 seconds.
  path: Assets/Scripts/Mine.cs
  artifactKey: Guid(a536d78b8cbea8c41a5b359a6d39212d) Importer(815301076,1909f56bfc062723c751e8b465ee728b)
Start importing Assets/Scripts/Mine.cs using Guid(a536d78b8cbea8c41a5b359a6d39212d) Importer(815301076,1909f56bfc062723c751e8b465ee728b)  -> (artifact id: 'c10443c02f131f1ce7350d0e962b9815') in 0.016112 seconds
  Import took 0.018889 seconds .

========================================================================
Received Prepare
Registering precompiled user dll's ...
Registered in 0.000885 seconds.
Begin MonoManager ReloadAssembly
Native extension for WindowsStandalone target not found
Refreshing native plugins compatible for Editor in 0.53 ms, found 0 plugins.
Preloading 0 native plugins for Editor in 0.00 ms.
Invoked RoslynAnalysisRunner static constructor.
RoslynAnalysisRunner will not be running.
RoslynAnalysisRunner has terminated.
Mono: successfully reloaded assembly
- Completed reload, in  1.078 seconds
Platform modules already initialized, skipping
Refreshing native plugins compatible for Editor in 0.25 ms, found 0 plugins.
Preloading 0 native plugins for Editor in 0.00 ms.
Unloading 1116 Unused Serialized files (Serialized files now loaded: 0)
System memory in use before: 74.7 MB.
System memory in use after: 74.8 MB.

Unloading 4 unused Assets to reduce memory usage. Loaded Objects now: 1648.
Total: 2.279300 ms (FindLiveObjects: 0.202600 ms CreateObjectMapping: 0.043600 ms MarkObjects: 2.007800 ms  DeleteObjects: 0.023900 ms)

========================================================================
Received Import Request.
  Time since last request: 178.008056 seconds.
  path: Assets/Prefabs/Mine.prefab
  artifactKey: Guid(c7094a5283d36f04c95f648b84e27b3b) Importer(815301076,1909f56bfc062723c751e8b465ee728b)
Start importing Assets/Prefabs/Mine.prefab using Guid(c7094a5283d36f04c95f648b84e27b3b) Importer(815301076,1909f56bfc062723c751e8b465ee728b)  -> (artifact id: 'd26506b52da763c8def642d52e4dd26c') in 0.113680 seconds
  Import took 0.118602 seconds .

========================================================================
Received Import Request.
  Time since last request: 71.397902 seconds.
  path: Assets/Animations/Mannequin/Mannequin.fbx
  artifactKey: Guid(365b383d034e7bf448133e594d9cc5e4) Importer(815301076,1909f56bfc062723c751e8b465ee728b)
Start importing Assets/Animations/Mannequin/Mannequin.fbx using Guid(365b383d034e7bf448133e594d9cc5e4) Importer(815301076,1909f56bfc062723c751e8b465ee728b)  -> (artifact id: '5bb657273e0bef739fde6ddf66b7fa48') in 0.130479 seconds
  Import took 0.134112 seconds .

========================================================================
Received Import Request.
  Time since last request: 105.226762 seconds.
  path: Assets/Animations/Mannequin/Mannequin.fbx
  artifactKey: Guid(365b383d034e7bf448133e594d9cc5e4) Importer(815301076,1909f56bfc062723c751e8b465ee728b)
Start importing Assets/Animations/Mannequin/Mannequin.fbx using Guid(365b383d034e7bf448133e594d9cc5e4) Importer(815301076,1909f56bfc062723c751e8b465ee728b)  -> (artifact id: '30159819ea5228b947c9013a3d93fd5f') in 0.063517 seconds
  Import took 0.066883 seconds .

========================================================================
Received Import Request.
  Time since last request: 10.738722 seconds.
  path: Assets/Animations/Mannequin/Mannequin.fbx
  artifactKey: Guid(365b383d034e7bf448133e594d9cc5e4) Importer(815301076,1909f56bfc062723c751e8b465ee728b)
Start importing Assets/Animations/Mannequin/Mannequin.fbx using Guid(365b383d034e7bf448133e594d9cc5e4) Importer(815301076,1909f56bfc062723c751e8b465ee728b)  -> (artifact id: '0a947bce4c70b25ce6ef460e62ffb063') in 0.070502 seconds
  Import took 0.073659 seconds .

========================================================================
Received Prepare
Registering precompiled user dll's ...
Registered in 0.000883 seconds.
Begin MonoManager ReloadAssembly
Native extension for WindowsStandalone target not found
Refreshing native plugins compatible for Editor in 0.32 ms, found 0 plugins.
Preloading 0 native plugins for Editor in 0.00 ms.
Invoked RoslynAnalysisRunner static constructor.
RoslynAnalysisRunner will not be running.
RoslynAnalysisRunner has terminated.
Mono: successfully reloaded assembly
- Completed reload, in  0.957 seconds
Platform modules already initialized, skipping
Refreshing native plugins compatible for Editor in 0.40 ms, found 0 plugins.
Preloading 0 native plugins for Editor in 0.00 ms.
Unloading 1116 Unused Serialized files (Serialized files now loaded: 0)
System memory in use before: 74.8 MB.
System memory in use after: 74.9 MB.

Unloading 4 unused Assets to reduce memory usage. Loaded Objects now: 1654.
Total: 2.212400 ms (FindLiveObjects: 0.237400 ms CreateObjectMapping: 0.042100 ms MarkObjects: 1.910400 ms  DeleteObjects: 0.020200 ms)

========================================================================
Received Prepare
Registering precompiled user dll's ...
Registered in 0.000961 seconds.
Begin MonoManager ReloadAssembly
Native extension for WindowsStandalone target not found
Refreshing native plugins compatible for Editor in 0.29 ms, found 0 plugins.
Preloading 0 native plugins for Editor in 0.00 ms.
Invoked RoslynAnalysisRunner static constructor.
RoslynAnalysisRunner will not be running.
RoslynAnalysisRunner has terminated.
Mono: successfully reloaded assembly
- Completed reload, in  0.964 seconds
Platform modules already initialized, skipping
Refreshing native plugins compatible for Editor in 0.27 ms, found 0 plugins.
Preloading 0 native plugins for Editor in 0.00 ms.
Unloading 1116 Unused Serialized files (Serialized files now loaded: 0)
System memory in use before: 74.9 MB.
System memory in use after: 75.0 MB.

Unloading 4 unused Assets to reduce memory usage. Loaded Objects now: 1657.
Total: 2.306100 ms (FindLiveObjects: 0.238500 ms CreateObjectMapping: 0.044500 ms MarkObjects: 1.993800 ms  DeleteObjects: 0.027900 ms)

========================================================================
Received Import Request.
  Time since last request: 163.599980 seconds.
  path: Assets/Prefabs/Mine.prefab
  artifactKey: Guid(c7094a5283d36f04c95f648b84e27b3b) Importer(815301076,1909f56bfc062723c751e8b465ee728b)
Start importing Assets/Prefabs/Mine.prefab using Guid(c7094a5283d36f04c95f648b84e27b3b) Importer(815301076,1909f56bfc062723c751e8b465ee728b)  -> (artifact id: '25ddd4041a19a66d8c95b48b280b7884') in 0.082026 seconds
  Import took 0.085534 seconds .

========================================================================
Received Import Request.
  Time since last request: 4.002822 seconds.
  path: Assets/Prefabs/Mine.prefab
  artifactKey: Guid(c7094a5283d36f04c95f648b84e27b3b) Importer(815301076,1909f56bfc062723c751e8b465ee728b)
Start importing Assets/Prefabs/Mine.prefab using Guid(c7094a5283d36f04c95f648b84e27b3b) Importer(815301076,1909f56bfc062723c751e8b465ee728b)  -> (artifact id: '317d48ec04db5f58ab6a365a6fa88b83') in 0.016933 seconds
  Import took 0.020676 seconds .

========================================================================
Received Prepare
Registering precompiled user dll's ...
Registered in 0.002284 seconds.
Begin MonoManager ReloadAssembly
Native extension for WindowsStandalone target not found
Refreshing native plugins compatible for Editor in 0.33 ms, found 0 plugins.
Preloading 0 native plugins for Editor in 0.00 ms.
Invoked RoslynAnalysisRunner static constructor.
RoslynAnalysisRunner will not be running.
RoslynAnalysisRunner has terminated.
Mono: successfully reloaded assembly
- Completed reload, in  1.159 seconds
Platform modules already initialized, skipping
Refreshing native plugins compatible for Editor in 0.26 ms, found 0 plugins.
Preloading 0 native plugins for Editor in 0.00 ms.
Unloading 1116 Unused Serialized files (Serialized files now loaded: 0)
System memory in use before: 74.8 MB.
System memory in use after: 74.9 MB.

Unloading 4 unused Assets to reduce memory usage. Loaded Objects now: 1661.
Total: 2.554100 ms (FindLiveObjects: 0.252300 ms CreateObjectMapping: 0.051900 ms MarkObjects: 2.214400 ms  DeleteObjects: 0.033200 ms)

========================================================================
Received Import Request.
  Time since last request: 200.524953 seconds.
  path: Assets/Prefabs/Mine.prefab
  artifactKey: Guid(c7094a5283d36f04c95f648b84e27b3b) Importer(815301076,1909f56bfc062723c751e8b465ee728b)
Start importing Assets/Prefabs/Mine.prefab using Guid(c7094a5283d36f04c95f648b84e27b3b) Importer(815301076,1909f56bfc062723c751e8b465ee728b)  -> (artifact id: '5ac04a0bb5cd5062b46ab53c65dbaa62') in 0.106493 seconds
  Import took 0.109531 seconds .

========================================================================
Received Import Request.
  Time since last request: 1.739163 seconds.
  path: Assets/Prefabs/Mine.prefab
  artifactKey: Guid(c7094a5283d36f04c95f648b84e27b3b) Importer(815301076,1909f56bfc062723c751e8b465ee728b)
Start importing Assets/Prefabs/Mine.prefab using Guid(c7094a5283d36f04c95f648b84e27b3b) Importer(815301076,1909f56bfc062723c751e8b465ee728b)  -> (artifact id: '9b6fa718c3399d5d2127ce70a10ecddd') in 0.018583 seconds
  Import took 0.022037 seconds .

========================================================================
Received Import Request.
  Time since last request: 6.008628 seconds.
  path: Assets/Prefabs/Mine.prefab
  artifactKey: Guid(c7094a5283d36f04c95f648b84e27b3b) Importer(815301076,1909f56bfc062723c751e8b465ee728b)
Start importing Assets/Prefabs/Mine.prefab using Guid(c7094a5283d36f04c95f648b84e27b3b) Importer(815301076,1909f56bfc062723c751e8b465ee728b)  -> (artifact id: 'cc1a8ae9336aa297194de7ee8b1386e4') in 0.018392 seconds
  Import took 0.022205 seconds .

========================================================================
Received Import Request.
  Time since last request: 21.176994 seconds.
  path: Assets/Models/Textures/Ch32_1001_Diffuse.png
  artifactKey: Guid(805eee2c8791eab42ba971843ea731fe) Importer(815301076,1909f56bfc062723c751e8b465ee728b)
Start importing Assets/Models/Textures/Ch32_1001_Diffuse.png using Guid(805eee2c8791eab42ba971843ea731fe) Importer(815301076,1909f56bfc062723c751e8b465ee728b)  -> (artifact id: '5523a22a165ffca7e7b2021c9b35d423') in 0.162536 seconds
  Import took 0.165481 seconds .

========================================================================
Received Import Request.
  Time since last request: 2.446833 seconds.
  path: Assets/Models/Textures/Ch32_1001_Glossiness.png
  artifactKey: Guid(4f4b04a57e5c3fe4c8f2d28b22448217) Importer(815301076,1909f56bfc062723c751e8b465ee728b)
Start importing Assets/Models/Textures/Ch32_1001_Glossiness.png using Guid(4f4b04a57e5c3fe4c8f2d28b22448217) Importer(815301076,1909f56bfc062723c751e8b465ee728b)  -> (artifact id: 'cb38ee272a387efec571120ec42381f5') in 0.035995 seconds
  Import took 0.039119 seconds .

========================================================================
Received Import Request.
  Time since last request: 0.837042 seconds.
  path: Assets/Models/Textures/Ch32_1001_Normal.png
  artifactKey: Guid(6bf4d27370f91e9499bcbd2e009742e0) Importer(815301076,1909f56bfc062723c751e8b465ee728b)
Start importing Assets/Models/Textures/Ch32_1001_Normal.png using Guid(6bf4d27370f91e9499bcbd2e009742e0) Importer(815301076,1909f56bfc062723c751e8b465ee728b)  -> (artifact id: '41e4c2ebad8a932932dac3282f60c03b') in 0.054804 seconds
  Import took 0.057971 seconds .

========================================================================
Received Import Request.
  Time since last request: 11.735110 seconds.
  path: Assets/Resources/Explosion.prefab
  artifactKey: Guid(839a47c8b5beaed4483b3e8b71f0f3dc) Importer(815301076,1909f56bfc062723c751e8b465ee728b)
Start importing Assets/Resources/Explosion.prefab using Guid(839a47c8b5beaed4483b3e8b71f0f3dc) Importer(815301076,1909f56bfc062723c751e8b465ee728b)  -> (artifact id: '51a0c2694ce63b667de9dc7e3aa64ec1') in 0.015638 seconds
  Import took 0.018632 seconds .

========================================================================
Received Import Request.
  Time since last request: 0.067647 seconds.
  path: Assets/Resources/Explosion.prefab
  artifactKey: Guid(839a47c8b5beaed4483b3e8b71f0f3dc) Importer(815301076,1909f56bfc062723c751e8b465ee728b)
Start importing Assets/Resources/Explosion.prefab using Guid(839a47c8b5beaed4483b3e8b71f0f3dc) Importer(815301076,1909f56bfc062723c751e8b465ee728b)  -> (artifact id: '51a0c2694ce63b667de9dc7e3aa64ec1') in 0.008927 seconds
  Import took 0.012810 seconds .

========================================================================
Received Import Request.
  Time since last request: 55.039974 seconds.
  path: Assets/Resources/Explosion 1.prefab
  artifactKey: Guid(d8eed72f16fea5a4895590fe1bfe2947) Importer(815301076,1909f56bfc062723c751e8b465ee728b)
Start importing Assets/Resources/Explosion 1.prefab using Guid(d8eed72f16fea5a4895590fe1bfe2947) Importer(815301076,1909f56bfc062723c751e8b465ee728b)  -> (artifact id: '2184838175fbc586b5c8207c14813d59') in 0.013570 seconds
  Import took 0.016951 seconds .

========================================================================
Received Import Request.
  Time since last request: 0.012383 seconds.
  path: Assets/Resources/Explosion 1.prefab
  artifactKey: Guid(d8eed72f16fea5a4895590fe1bfe2947) Importer(815301076,1909f56bfc062723c751e8b465ee728b)
Start importing Assets/Resources/Explosion 1.prefab using Guid(d8eed72f16fea5a4895590fe1bfe2947) Importer(815301076,1909f56bfc062723c751e8b465ee728b)  -> (artifact id: '2184838175fbc586b5c8207c14813d59') in 0.008546 seconds
  Import took 0.012316 seconds .

========================================================================
Received Prepare
Registering precompiled user dll's ...
Registered in 0.000848 seconds.
Begin MonoManager ReloadAssembly
Native extension for WindowsStandalone target not found
Refreshing native plugins compatible for Editor in 0.32 ms, found 0 plugins.
Preloading 0 native plugins for Editor in 0.00 ms.
Invoked RoslynAnalysisRunner static constructor.
RoslynAnalysisRunner will not be running.
RoslynAnalysisRunner has terminated.
Mono: successfully reloaded assembly
- Completed reload, in  0.990 seconds
Platform modules already initialized, skipping
Refreshing native plugins compatible for Editor in 0.33 ms, found 0 plugins.
Preloading 0 native plugins for Editor in 0.00 ms.
Unloading 1116 Unused Serialized files (Serialized files now loaded: 0)
System memory in use before: 74.9 MB.
System memory in use after: 75.0 MB.

Unloading 4 unused Assets to reduce memory usage. Loaded Objects now: 1668.
Total: 2.470000 ms (FindLiveObjects: 0.227600 ms CreateObjectMapping: 0.048800 ms MarkObjects: 2.168900 ms  DeleteObjects: 0.022800 ms)

========================================================================
Received Prepare
Registering precompiled user dll's ...
Registered in 0.000978 seconds.
Begin MonoManager ReloadAssembly
Native extension for WindowsStandalone target not found
Refreshing native plugins compatible for Editor in 0.30 ms, found 0 plugins.
Preloading 0 native plugins for Editor in 0.00 ms.
Invoked RoslynAnalysisRunner static constructor.
RoslynAnalysisRunner will not be running.
RoslynAnalysisRunner has terminated.
Mono: successfully reloaded assembly
- Completed reload, in  0.967 seconds
Platform modules already initialized, skipping
Refreshing native plugins compatible for Editor in 0.26 ms, found 0 plugins.
Preloading 0 native plugins for Editor in 0.00 ms.
Unloading 1116 Unused Serialized files (Serialized files now loaded: 0)
System memory in use before: 74.9 MB.
System memory in use after: 75.0 MB.

Unloading 4 unused Assets to reduce memory usage. Loaded Objects now: 1671.
Total: 2.152600 ms (FindLiveObjects: 0.198300 ms CreateObjectMapping: 0.035300 ms MarkObjects: 1.898500 ms  DeleteObjects: 0.019200 ms)

========================================================================
Received Import Request.
  Time since last request: 488.096823 seconds.
  path: Assets/Prefabs/Mine.prefab
  artifactKey: Guid(c7094a5283d36f04c95f648b84e27b3b) Importer(815301076,1909f56bfc062723c751e8b465ee728b)
Start importing Assets/Prefabs/Mine.prefab using Guid(c7094a5283d36f04c95f648b84e27b3b) Importer(815301076,1909f56bfc062723c751e8b465ee728b)  -> (artifact id: '7213be2fb33e7f5990ec22dcaf7abe7c') in 0.078546 seconds
  Import took 0.081594 seconds .

========================================================================
Received Prepare
Registering precompiled user dll's ...
Registered in 0.001176 seconds.
Begin MonoManager ReloadAssembly
Native extension for WindowsStandalone target not found
Refreshing native plugins compatible for Editor in 0.31 ms, found 0 plugins.
Preloading 0 native plugins for Editor in 0.00 ms.
Invoked RoslynAnalysisRunner static constructor.
RoslynAnalysisRunner will not be running.
RoslynAnalysisRunner has terminated.
Mono: successfully reloaded assembly
- Completed reload, in  1.034 seconds
Platform modules already initialized, skipping
Refreshing native plugins compatible for Editor in 0.27 ms, found 0 plugins.
Preloading 0 native plugins for Editor in 0.00 ms.
Unloading 1116 Unused Serialized files (Serialized files now loaded: 0)
System memory in use before: 74.9 MB.
System memory in use after: 75.0 MB.

Unloading 4 unused Assets to reduce memory usage. Loaded Objects now: 1675.
Total: 2.346500 ms (FindLiveObjects: 0.269100 ms CreateObjectMapping: 0.051100 ms MarkObjects: 2.003400 ms  DeleteObjects: 0.021200 ms)

========================================================================
Received Prepare
Registering precompiled user dll's ...
Registered in 0.001072 seconds.
Begin MonoManager ReloadAssembly
Native extension for WindowsStandalone target not found
Refreshing native plugins compatible for Editor in 0.26 ms, found 0 plugins.
Preloading 0 native plugins for Editor in 0.00 ms.
Invoked RoslynAnalysisRunner static constructor.
RoslynAnalysisRunner will not be running.
RoslynAnalysisRunner has terminated.
Mono: successfully reloaded assembly
- Completed reload, in  0.974 seconds
Platform modules already initialized, skipping
Refreshing native plugins compatible for Editor in 0.26 ms, found 0 plugins.
Preloading 0 native plugins for Editor in 0.00 ms.
Unloading 1117 Unused Serialized files (Serialized files now loaded: 0)
System memory in use before: 75.0 MB.
System memory in use after: 75.1 MB.

Unloading 4 unused Assets to reduce memory usage. Loaded Objects now: 1679.
Total: 3.606300 ms (FindLiveObjects: 0.625100 ms CreateObjectMapping: 0.234200 ms MarkObjects: 2.708600 ms  DeleteObjects: 0.035900 ms)

========================================================================
Received Import Request.
  Time since last request: 543.990816 seconds.
  path: Assets/Scripts/GoRagdoll.cs
  artifactKey: Guid(edce5b51a8fae4a43a7d25a7e421fb97) Importer(815301076,1909f56bfc062723c751e8b465ee728b)
Start importing Assets/Scripts/GoRagdoll.cs using Guid(edce5b51a8fae4a43a7d25a7e421fb97) Importer(815301076,1909f56bfc062723c751e8b465ee728b)  -> (artifact id: '62a210d88b315ff6bd319ff51814b6b9') in 0.016069 seconds
  Import took 0.019440 seconds .

========================================================================
Received Import Request.
  Time since last request: 28.060428 seconds.
  path: Assets/Scripts/MoveRandomly.cs
  artifactKey: Guid(33b462bb184fdfc45855e4fe338e9b25) Importer(815301076,1909f56bfc062723c751e8b465ee728b)
Start importing Assets/Scripts/MoveRandomly.cs using Guid(33b462bb184fdfc45855e4fe338e9b25) Importer(815301076,1909f56bfc062723c751e8b465ee728b)  -> (artifact id: '920af4da186443519a7f5f655f5ed014') in 0.012998 seconds
  Import took 0.016049 seconds .

========================================================================
Received Prepare
Registering precompiled user dll's ...
Registered in 0.001044 seconds.
Begin MonoManager ReloadAssembly
Native extension for WindowsStandalone target not found
Refreshing native plugins compatible for Editor in 0.39 ms, found 0 plugins.
Preloading 0 native plugins for Editor in 0.00 ms.
Invoked RoslynAnalysisRunner static constructor.
RoslynAnalysisRunner will not be running.
RoslynAnalysisRunner has terminated.
Mono: successfully reloaded assembly
- Completed reload, in  1.328 seconds
Platform modules already initialized, skipping
Refreshing native plugins compatible for Editor in 0.38 ms, found 0 plugins.
Preloading 0 native plugins for Editor in 0.00 ms.
Unloading 1117 Unused Serialized files (Serialized files now loaded: 0)
System memory in use before: 75.0 MB.
System memory in use after: 75.1 MB.

Unloading 5 unused Assets to reduce memory usage. Loaded Objects now: 1682.
Total: 2.900900 ms (FindLiveObjects: 0.251200 ms CreateObjectMapping: 0.057300 ms MarkObjects: 2.562800 ms  DeleteObjects: 0.026900 ms)

========================================================================
Received Prepare
Registering precompiled user dll's ...
Registered in 0.001389 seconds.
Begin MonoManager ReloadAssembly
Native extension for WindowsStandalone target not found
Refreshing native plugins compatible for Editor in 0.33 ms, found 0 plugins.
Preloading 0 native plugins for Editor in 0.00 ms.
Invoked RoslynAnalysisRunner static constructor.
RoslynAnalysisRunner will not be running.
RoslynAnalysisRunner has terminated.
Mono: successfully reloaded assembly
- Completed reload, in  1.441 seconds
Platform modules already initialized, skipping
Refreshing native plugins compatible for Editor in 0.31 ms, found 0 plugins.
Preloading 0 native plugins for Editor in 0.00 ms.
Unloading 1117 Unused Serialized files (Serialized files now loaded: 0)
System memory in use before: 75.0 MB.
System memory in use after: 75.1 MB.

Unloading 4 unused Assets to reduce memory usage. Loaded Objects now: 1685.
Total: 8.300100 ms (FindLiveObjects: 0.323600 ms CreateObjectMapping: 0.082100 ms MarkObjects: 7.843800 ms  DeleteObjects: 0.047400 ms)

========================================================================
Received Import Request.
  Time since last request: 1229.742529 seconds.
  path: Assets/Scripts/GoRagdollNow.cs
  artifactKey: Guid(27aabcda3fae4294487a9ef1aad525ba) Importer(815301076,1909f56bfc062723c751e8b465ee728b)
Start importing Assets/Scripts/GoRagdollNow.cs using Guid(27aabcda3fae4294487a9ef1aad525ba) Importer(815301076,1909f56bfc062723c751e8b465ee728b)  -> (artifact id: '4dd67ef5a6554ae360d21d78e6938e95') in 0.017725 seconds
  Import took 0.022336 seconds .

========================================================================
Received Prepare
Registering precompiled user dll's ...
Registered in 0.001748 seconds.
Begin MonoManager ReloadAssembly
Native extension for WindowsStandalone target not found
Refreshing native plugins compatible for Editor in 0.27 ms, found 0 plugins.
Preloading 0 native plugins for Editor in 0.00 ms.
Invoked RoslynAnalysisRunner static constructor.
RoslynAnalysisRunner will not be running.
RoslynAnalysisRunner has terminated.
Mono: successfully reloaded assembly
- Completed reload, in  1.428 seconds
Platform modules already initialized, skipping
Refreshing native plugins compatible for Editor in 0.29 ms, found 0 plugins.
Preloading 0 native plugins for Editor in 0.00 ms.
Unloading 1116 Unused Serialized files (Serialized files now loaded: 0)
System memory in use before: 75.0 MB.
System memory in use after: 75.1 MB.

Unloading 5 unused Assets to reduce memory usage. Loaded Objects now: 1687.
Total: 2.283700 ms (FindLiveObjects: 0.212700 ms CreateObjectMapping: 0.041700 ms MarkObjects: 2.003300 ms  DeleteObjects: 0.024600 ms)

========================================================================
Received Prepare
Registering precompiled user dll's ...
Registered in 0.000896 seconds.
Begin MonoManager ReloadAssembly
Native extension for WindowsStandalone target not found
Refreshing native plugins compatible for Editor in 0.40 ms, found 0 plugins.
Preloading 0 native plugins for Editor in 0.00 ms.
Invoked RoslynAnalysisRunner static constructor.
RoslynAnalysisRunner will not be running.
RoslynAnalysisRunner has terminated.
Mono: successfully reloaded assembly
- Completed reload, in  0.976 seconds
Platform modules already initialized, skipping
Refreshing native plugins compatible for Editor in 0.29 ms, found 0 plugins.
Preloading 0 native plugins for Editor in 0.00 ms.
Unloading 1116 Unused Serialized files (Serialized files now loaded: 0)
System memory in use before: 75.0 MB.
System memory in use after: 75.1 MB.

Unloading 4 unused Assets to reduce memory usage. Loaded Objects now: 1690.
Total: 2.508000 ms (FindLiveObjects: 0.197400 ms CreateObjectMapping: 0.036800 ms MarkObjects: 2.251200 ms  DeleteObjects: 0.021400 ms)

========================================================================
Received Prepare
Registering precompiled user dll's ...
Registered in 0.001161 seconds.
Begin MonoManager ReloadAssembly
Native extension for WindowsStandalone target not found
Refreshing native plugins compatible for Editor in 0.41 ms, found 0 plugins.
Preloading 0 native plugins for Editor in 0.00 ms.
Invoked RoslynAnalysisRunner static constructor.
RoslynAnalysisRunner will not be running.
RoslynAnalysisRunner has terminated.
Mono: successfully reloaded assembly
- Completed reload, in  0.994 seconds
Platform modules already initialized, skipping
Refreshing native plugins compatible for Editor in 0.35 ms, found 0 plugins.
Preloading 0 native plugins for Editor in 0.00 ms.
Unloading 1117 Unused Serialized files (Serialized files now loaded: 0)
System memory in use before: 75.0 MB.
System memory in use after: 75.1 MB.

Unloading 4 unused Assets to reduce memory usage. Loaded Objects now: 1694.
Total: 2.977000 ms (FindLiveObjects: 0.389100 ms CreateObjectMapping: 0.084900 ms MarkObjects: 2.470100 ms  DeleteObjects: 0.029600 ms)

========================================================================
Received Import Request.
  Time since last request: 467.557418 seconds.
  path: Assets/Scripts/RagdollHandler.cs
  artifactKey: Guid(7274a937aa7a9b0418021c42d442d231) Importer(815301076,1909f56bfc062723c751e8b465ee728b)
Start importing Assets/Scripts/RagdollHandler.cs using Guid(7274a937aa7a9b0418021c42d442d231) Importer(815301076,1909f56bfc062723c751e8b465ee728b)  -> (artifact id: '9f688ed539d57dcc2fbf4274cf2ba18f') in 0.013976 seconds
  Import took 0.016672 seconds .

========================================================================
Received Import Request.
  Time since last request: 0.027058 seconds.
  path: Assets/Scripts/RagdollHandler.cs
  artifactKey: Guid(7274a937aa7a9b0418021c42d442d231) Importer(815301076,1909f56bfc062723c751e8b465ee728b)
Start importing Assets/Scripts/RagdollHandler.cs using Guid(7274a937aa7a9b0418021c42d442d231) Importer(815301076,1909f56bfc062723c751e8b465ee728b)  -> (artifact id: '9f688ed539d57dcc2fbf4274cf2ba18f') in 0.006061 seconds
  Import took 0.008777 seconds .

========================================================================
Received Import Request.
  Time since last request: 2.721826 seconds.
  path: Assets/Scripts/RagDollNow.cs
  artifactKey: Guid(87fc46dbaf650514ea3812120b98ae5a) Importer(815301076,1909f56bfc062723c751e8b465ee728b)
Start importing Assets/Scripts/RagDollNow.cs using Guid(87fc46dbaf650514ea3812120b98ae5a) Importer(815301076,1909f56bfc062723c751e8b465ee728b)  -> (artifact id: '556f9a0f7e222d812c4414f726722098') in 0.012140 seconds
  Import took 0.014896 seconds .

========================================================================
Received Prepare
Registering precompiled user dll's ...
Registered in 0.000798 seconds.
Begin MonoManager ReloadAssembly
Native extension for WindowsStandalone target not found
Refreshing native plugins compatible for Editor in 0.26 ms, found 0 plugins.
Preloading 0 native plugins for Editor in 0.00 ms.
Invoked RoslynAnalysisRunner static constructor.
RoslynAnalysisRunner will not be running.
RoslynAnalysisRunner has terminated.
Mono: successfully reloaded assembly
- Completed reload, in  0.995 seconds
Platform modules already initialized, skipping
Refreshing native plugins compatible for Editor in 0.25 ms, found 0 plugins.
Preloading 0 native plugins for Editor in 0.00 ms.
Unloading 1117 Unused Serialized files (Serialized files now loaded: 0)
System memory in use before: 75.0 MB.
System memory in use after: 75.1 MB.

Unloading 4 unused Assets to reduce memory usage. Loaded Objects now: 1697.
Total: 2.625100 ms (FindLiveObjects: 0.276000 ms CreateObjectMapping: 0.057700 ms MarkObjects: 2.260900 ms  DeleteObjects: 0.028000 ms)

========================================================================
Received Prepare
Registering precompiled user dll's ...
Registered in 0.001313 seconds.
Begin MonoManager ReloadAssembly
Native extension for WindowsStandalone target not found
Refreshing native plugins compatible for Editor in 0.26 ms, found 0 plugins.
Preloading 0 native plugins for Editor in 0.00 ms.
Invoked RoslynAnalysisRunner static constructor.
RoslynAnalysisRunner will not be running.
RoslynAnalysisRunner has terminated.
Mono: successfully reloaded assembly
- Completed reload, in  0.990 seconds
Platform modules already initialized, skipping
Refreshing native plugins compatible for Editor in 0.58 ms, found 0 plugins.
Preloading 0 native plugins for Editor in 0.00 ms.
Unloading 1117 Unused Serialized files (Serialized files now loaded: 0)
System memory in use before: 75.0 MB.
System memory in use after: 75.1 MB.

Unloading 4 unused Assets to reduce memory usage. Loaded Objects now: 1700.
Total: 2.465500 ms (FindLiveObjects: 0.233400 ms CreateObjectMapping: 0.041300 ms MarkObjects: 2.169000 ms  DeleteObjects: 0.020000 ms)

========================================================================
Received Prepare
Registering precompiled user dll's ...
Registered in 0.001218 seconds.
Begin MonoManager ReloadAssembly
Native extension for WindowsStandalone target not found
Refreshing native plugins compatible for Editor in 0.26 ms, found 0 plugins.
Preloading 0 native plugins for Editor in 0.00 ms.
Invoked RoslynAnalysisRunner static constructor.
RoslynAnalysisRunner will not be running.
RoslynAnalysisRunner has terminated.
Mono: successfully reloaded assembly
- Completed reload, in  1.024 seconds
Platform modules already initialized, skipping
Refreshing native plugins compatible for Editor in 0.26 ms, found 0 plugins.
Preloading 0 native plugins for Editor in 0.00 ms.
Unloading 1117 Unused Serialized files (Serialized files now loaded: 0)
System memory in use before: 75.0 MB.
System memory in use after: 75.1 MB.

Unloading 4 unused Assets to reduce memory usage. Loaded Objects now: 1703.
Total: 2.524300 ms (FindLiveObjects: 0.277700 ms CreateObjectMapping: 0.052700 ms MarkObjects: 2.168800 ms  DeleteObjects: 0.022600 ms)

========================================================================
Received Prepare
Registering precompiled user dll's ...
Registered in 0.001118 seconds.
Begin MonoManager ReloadAssembly
Native extension for WindowsStandalone target not found
Refreshing native plugins compatible for Editor in 0.29 ms, found 0 plugins.
Preloading 0 native plugins for Editor in 0.00 ms.
Invoked RoslynAnalysisRunner static constructor.
RoslynAnalysisRunner will not be running.
RoslynAnalysisRunner has terminated.
Mono: successfully reloaded assembly
- Completed reload, in  0.966 seconds
Platform modules already initialized, skipping
Refreshing native plugins compatible for Editor in 0.25 ms, found 0 plugins.
Preloading 0 native plugins for Editor in 0.00 ms.
Unloading 1117 Unused Serialized files (Serialized files now loaded: 0)
System memory in use before: 75.0 MB.
System memory in use after: 75.1 MB.

Unloading 4 unused Assets to reduce memory usage. Loaded Objects now: 1706.
Total: 2.950600 ms (FindLiveObjects: 0.218700 ms CreateObjectMapping: 0.044200 ms MarkObjects: 2.185000 ms  DeleteObjects: 0.500900 ms)

========================================================================
Received Import Request.
  Time since last request: 2011.349644 seconds.
  path: Assets/Scenes/SampleScene.unity
  artifactKey: Guid(9fc0d4010bbf28b4594072e72b8655ab) Importer(815301076,1909f56bfc062723c751e8b465ee728b)
Start importing Assets/Scenes/SampleScene.unity using Guid(9fc0d4010bbf28b4594072e72b8655ab) Importer(815301076,1909f56bfc062723c751e8b465ee728b)  -> (artifact id: 'a254e13fee184eec98735c3e6c2b7efc') in 0.029295 seconds
  Import took 0.032948 seconds .

========================================================================
Received Import Request.
  Time since last request: 0.000623 seconds.
  path: Assets/Scenes/SampleScene.unity
  artifactKey: Guid(9fc0d4010bbf28b4594072e72b8655ab) Importer(815301076,1909f56bfc062723c751e8b465ee728b)
Start importing Assets/Scenes/SampleScene.unity using Guid(9fc0d4010bbf28b4594072e72b8655ab) Importer(815301076,1909f56bfc062723c751e8b465ee728b)  -> (artifact id: 'a254e13fee184eec98735c3e6c2b7efc') in 0.006695 seconds
  Import took 0.009925 seconds .

========================================================================
Received Prepare
Registering precompiled user dll's ...
Registered in 0.000885 seconds.
Begin MonoManager ReloadAssembly
Native extension for WindowsStandalone target not found
Refreshing native plugins compatible for Editor in 0.26 ms, found 0 plugins.
Preloading 0 native plugins for Editor in 0.00 ms.
Invoked RoslynAnalysisRunner static constructor.
RoslynAnalysisRunner will not be running.
RoslynAnalysisRunner has terminated.
Mono: successfully reloaded assembly
- Completed reload, in  0.979 seconds
Platform modules already initialized, skipping
Refreshing native plugins compatible for Editor in 0.25 ms, found 0 plugins.
Preloading 0 native plugins for Editor in 0.00 ms.
Unloading 1115 Unused Serialized files (Serialized files now loaded: 0)
System memory in use before: 75.0 MB.
System memory in use after: 75.1 MB.

Unloading 6 unused Assets to reduce memory usage. Loaded Objects now: 1707.
Total: 2.810900 ms (FindLiveObjects: 0.323800 ms CreateObjectMapping: 0.083200 ms MarkObjects: 2.369000 ms  DeleteObjects: 0.032300 ms)

========================================================================
Received Prepare
Registering precompiled user dll's ...
Registered in 0.000919 seconds.
Begin MonoManager ReloadAssembly
Native extension for WindowsStandalone target not found
Refreshing native plugins compatible for Editor in 0.26 ms, found 0 plugins.
Preloading 0 native plugins for Editor in 0.00 ms.
Invoked RoslynAnalysisRunner static constructor.
RoslynAnalysisRunner will not be running.
RoslynAnalysisRunner has terminated.
Mono: successfully reloaded assembly
- Completed reload, in  0.975 seconds
Platform modules already initialized, skipping
Refreshing native plugins compatible for Editor in 0.26 ms, found 0 plugins.
Preloading 0 native plugins for Editor in 0.00 ms.
Unloading 1115 Unused Serialized files (Serialized files now loaded: 0)
System memory in use before: 75.0 MB.
System memory in use after: 75.1 MB.

Unloading 4 unused Assets to reduce memory usage. Loaded Objects now: 1710.
Total: 2.252600 ms (FindLiveObjects: 0.236000 ms CreateObjectMapping: 0.050600 ms MarkObjects: 1.933100 ms  DeleteObjects: 0.031500 ms)

========================================================================
Received Import Request.
  Time since last request: 54.156262 seconds.
  path: Assets/Prefabs/NPC_Ragdoll.prefab
  artifactKey: Guid(5f2828556b21da545b3d1062d796d206) Importer(815301076,1909f56bfc062723c751e8b465ee728b)
Start importing Assets/Prefabs/NPC_Ragdoll.prefab using Guid(5f2828556b21da545b3d1062d796d206) Importer(815301076,1909f56bfc062723c751e8b465ee728b)  -> (artifact id: '7102c8effa1b9159c7888305c3dfae8d') in 0.258570 seconds
  Import took 0.262449 seconds .

========================================================================
Received Prepare
Registering precompiled user dll's ...
Registered in 0.000832 seconds.
Begin MonoManager ReloadAssembly
Native extension for WindowsStandalone target not found
Refreshing native plugins compatible for Editor in 0.28 ms, found 0 plugins.
Preloading 0 native plugins for Editor in 0.00 ms.
Invoked RoslynAnalysisRunner static constructor.
RoslynAnalysisRunner will not be running.
RoslynAnalysisRunner has terminated.
Mono: successfully reloaded assembly
- Completed reload, in  0.942 seconds
Platform modules already initialized, skipping
Refreshing native plugins compatible for Editor in 0.28 ms, found 0 plugins.
Preloading 0 native plugins for Editor in 0.00 ms.
Unloading 1115 Unused Serialized files (Serialized files now loaded: 0)
System memory in use before: 75.1 MB.
System memory in use after: 75.2 MB.

Unloading 4 unused Assets to reduce memory usage. Loaded Objects now: 1714.
Total: 2.396800 ms (FindLiveObjects: 0.214900 ms CreateObjectMapping: 0.044100 ms MarkObjects: 2.112200 ms  DeleteObjects: 0.024000 ms)

========================================================================
Received Import Request.
  Time since last request: 1188.964775 seconds.
  path: Assets/Scripts
  artifactKey: Guid(a068e4f8dd7aea143b926145d040920b) Importer(815301076,1909f56bfc062723c751e8b465ee728b)
Start importing Assets/Scripts using Guid(a068e4f8dd7aea143b926145d040920b) Importer(815301076,1909f56bfc062723c751e8b465ee728b)  -> (artifact id: 'ad13e3d740aa13472437ba330e5cbe10') in 0.015214 seconds
  Import took 0.018286 seconds .

========================================================================
Received Import Request.
  Time since last request: 7.277071 seconds.
  path: Assets/Scripts/ChasePlayer.cs
  artifactKey: Guid(187d407d897e3544c973c3f757b59047) Importer(815301076,1909f56bfc062723c751e8b465ee728b)
Start importing Assets/Scripts/ChasePlayer.cs using Guid(187d407d897e3544c973c3f757b59047) Importer(815301076,1909f56bfc062723c751e8b465ee728b)  -> (artifact id: 'e005bbd8cd4305d4a5ae31578d0c4738') in 0.016255 seconds
  Import took 0.018848 seconds .

========================================================================
Received Prepare
Registering precompiled user dll's ...
Registered in 0.000825 seconds.
Begin MonoManager ReloadAssembly
Native extension for WindowsStandalone target not found
Refreshing native plugins compatible for Editor in 0.26 ms, found 0 plugins.
Preloading 0 native plugins for Editor in 0.00 ms.
Invoked RoslynAnalysisRunner static constructor.
RoslynAnalysisRunner will not be running.
RoslynAnalysisRunner has terminated.
Mono: successfully reloaded assembly
- Completed reload, in  1.035 seconds
Platform modules already initialized, skipping
Refreshing native plugins compatible for Editor in 0.55 ms, found 0 plugins.
Preloading 0 native plugins for Editor in 0.00 ms.
Unloading 1116 Unused Serialized files (Serialized files now loaded: 0)
System memory in use before: 75.1 MB.
System memory in use after: 75.2 MB.

Unloading 4 unused Assets to reduce memory usage. Loaded Objects now: 1718.
Total: 14.025600 ms (FindLiveObjects: 1.072700 ms CreateObjectMapping: 1.924200 ms MarkObjects: 10.974700 ms  DeleteObjects: 0.049300 ms)

========================================================================
Received Prepare
Registering precompiled user dll's ...
Registered in 0.000837 seconds.
Begin MonoManager ReloadAssembly
Native extension for WindowsStandalone target not found
Refreshing native plugins compatible for Editor in 0.25 ms, found 0 plugins.
Preloading 0 native plugins for Editor in 0.00 ms.
Invoked RoslynAnalysisRunner static constructor.
RoslynAnalysisRunner will not be running.
RoslynAnalysisRunner has terminated.
Mono: successfully reloaded assembly
- Completed reload, in  1.012 seconds
Platform modules already initialized, skipping
Refreshing native plugins compatible for Editor in 0.26 ms, found 0 plugins.
Preloading 0 native plugins for Editor in 0.00 ms.
Unloading 1116 Unused Serialized files (Serialized files now loaded: 0)
System memory in use before: 75.1 MB.
System memory in use after: 75.2 MB.

Unloading 4 unused Assets to reduce memory usage. Loaded Objects now: 1721.
Total: 2.430800 ms (FindLiveObjects: 0.239000 ms CreateObjectMapping: 0.042600 ms MarkObjects: 2.125200 ms  DeleteObjects: 0.021500 ms)

========================================================================
Received Import Request.
  Time since last request: 14.171724 seconds.
  path: Assets/Scripts/ChasePlayer.cs
  artifactKey: Guid(187d407d897e3544c973c3f757b59047) Importer(815301076,1909f56bfc062723c751e8b465ee728b)
Start importing Assets/Scripts/ChasePlayer.cs using Guid(187d407d897e3544c973c3f757b59047) Importer(815301076,1909f56bfc062723c751e8b465ee728b)  -> (artifact id: '114c77e00c16556c0fc18e6632afdda3') in 0.008117 seconds
  Import took 0.011143 seconds .

========================================================================
Received Import Request.
  Time since last request: 31.769826 seconds.
  path: Assets/Scripts/AIController.cs
  artifactKey: Guid(187d407d897e3544c973c3f757b59047) Importer(815301076,1909f56bfc062723c751e8b465ee728b)
Start importing Assets/Scripts/AIController.cs using Guid(187d407d897e3544c973c3f757b59047) Importer(815301076,1909f56bfc062723c751e8b465ee728b)  -> (artifact id: 'f23fc3a28d3125b8e7feeab2aca3bd70') in 0.013823 seconds
  Import took 0.016712 seconds .

========================================================================
Received Prepare
Registering precompiled user dll's ...
Registered in 0.001948 seconds.
Begin MonoManager ReloadAssembly
Native extension for WindowsStandalone target not found
Refreshing native plugins compatible for Editor in 0.46 ms, found 0 plugins.
Preloading 0 native plugins for Editor in 0.00 ms.
Invoked RoslynAnalysisRunner static constructor.
RoslynAnalysisRunner will not be running.
RoslynAnalysisRunner has terminated.
Mono: successfully reloaded assembly
- Completed reload, in  1.297 seconds
Platform modules already initialized, skipping
Refreshing native plugins compatible for Editor in 0.25 ms, found 0 plugins.
Preloading 0 native plugins for Editor in 0.00 ms.
Unloading 1116 Unused Serialized files (Serialized files now loaded: 0)
System memory in use before: 75.1 MB.
System memory in use after: 75.2 MB.

Unloading 4 unused Assets to reduce memory usage. Loaded Objects now: 1724.
Total: 2.520400 ms (FindLiveObjects: 0.342100 ms CreateObjectMapping: 0.061000 ms MarkObjects: 2.092100 ms  DeleteObjects: 0.022100 ms)

========================================================================
Received Prepare
Registering precompiled user dll's ...
Registered in 0.001017 seconds.
Begin MonoManager ReloadAssembly
Native extension for WindowsStandalone target not found
Refreshing native plugins compatible for Editor in 0.35 ms, found 0 plugins.
Preloading 0 native plugins for Editor in 0.00 ms.
Invoked RoslynAnalysisRunner static constructor.
RoslynAnalysisRunner will not be running.
RoslynAnalysisRunner has terminated.
Mono: successfully reloaded assembly
- Completed reload, in  1.004 seconds
Platform modules already initialized, skipping
Refreshing native plugins compatible for Editor in 0.27 ms, found 0 plugins.
Preloading 0 native plugins for Editor in 0.00 ms.
Unloading 1116 Unused Serialized files (Serialized files now loaded: 0)
System memory in use before: 75.1 MB.
System memory in use after: 75.2 MB.

Unloading 4 unused Assets to reduce memory usage. Loaded Objects now: 1727.
Total: 2.521200 ms (FindLiveObjects: 0.312100 ms CreateObjectMapping: 0.074700 ms MarkObjects: 2.107500 ms  DeleteObjects: 0.025200 ms)

========================================================================
Received Prepare
Registering precompiled user dll's ...
Registered in 0.001088 seconds.
Begin MonoManager ReloadAssembly
Native extension for WindowsStandalone target not found
Refreshing native plugins compatible for Editor in 0.38 ms, found 0 plugins.
Preloading 0 native plugins for Editor in 0.00 ms.
Invoked RoslynAnalysisRunner static constructor.
RoslynAnalysisRunner will not be running.
RoslynAnalysisRunner has terminated.
Mono: successfully reloaded assembly
- Completed reload, in  0.974 seconds
Platform modules already initialized, skipping
Refreshing native plugins compatible for Editor in 0.26 ms, found 0 plugins.
Preloading 0 native plugins for Editor in 0.00 ms.
Unloading 1116 Unused Serialized files (Serialized files now loaded: 0)
System memory in use before: 75.1 MB.
System memory in use after: 75.2 MB.

Unloading 4 unused Assets to reduce memory usage. Loaded Objects now: 1730.
Total: 2.764900 ms (FindLiveObjects: 0.306200 ms CreateObjectMapping: 0.051500 ms MarkObjects: 2.378800 ms  DeleteObjects: 0.026000 ms)

========================================================================
Received Prepare
Registering precompiled user dll's ...
Registered in 0.001048 seconds.
Begin MonoManager ReloadAssembly
Native extension for WindowsStandalone target not found
Refreshing native plugins compatible for Editor in 0.29 ms, found 0 plugins.
Preloading 0 native plugins for Editor in 0.00 ms.
Invoked RoslynAnalysisRunner static constructor.
RoslynAnalysisRunner will not be running.
RoslynAnalysisRunner has terminated.
Mono: successfully reloaded assembly
- Completed reload, in  0.935 seconds
Platform modules already initialized, skipping
Refreshing native plugins compatible for Editor in 0.27 ms, found 0 plugins.
Preloading 0 native plugins for Editor in 0.00 ms.
Unloading 1116 Unused Serialized files (Serialized files now loaded: 0)
System memory in use before: 75.1 MB.
System memory in use after: 75.2 MB.

Unloading 4 unused Assets to reduce memory usage. Loaded Objects now: 1733.
Total: 2.279600 ms (FindLiveObjects: 0.226000 ms CreateObjectMapping: 0.048900 ms MarkObjects: 1.982100 ms  DeleteObjects: 0.020800 ms)

========================================================================
Received Prepare
Registering precompiled user dll's ...
Registered in 0.000938 seconds.
Begin MonoManager ReloadAssembly
Native extension for WindowsStandalone target not found
Refreshing native plugins compatible for Editor in 0.26 ms, found 0 plugins.
Preloading 0 native plugins for Editor in 0.00 ms.
Invoked RoslynAnalysisRunner static constructor.
RoslynAnalysisRunner will not be running.
RoslynAnalysisRunner has terminated.
Mono: successfully reloaded assembly
- Completed reload, in  0.997 seconds
Platform modules already initialized, skipping
Refreshing native plugins compatible for Editor in 0.26 ms, found 0 plugins.
Preloading 0 native plugins for Editor in 0.00 ms.
Unloading 1116 Unused Serialized files (Serialized files now loaded: 0)
System memory in use before: 75.1 MB.
System memory in use after: 75.2 MB.

Unloading 4 unused Assets to reduce memory usage. Loaded Objects now: 1736.
Total: 2.611200 ms (FindLiveObjects: 0.232900 ms CreateObjectMapping: 0.049000 ms MarkObjects: 2.305100 ms  DeleteObjects: 0.022300 ms)

========================================================================
Received Prepare
Registering precompiled user dll's ...
Registered in 0.001002 seconds.
Begin MonoManager ReloadAssembly
Native extension for WindowsStandalone target not found
Refreshing native plugins compatible for Editor in 0.26 ms, found 0 plugins.
Preloading 0 native plugins for Editor in 0.00 ms.
Invoked RoslynAnalysisRunner static constructor.
RoslynAnalysisRunner will not be running.
RoslynAnalysisRunner has terminated.
Mono: successfully reloaded assembly
- Completed reload, in  0.977 seconds
Platform modules already initialized, skipping
Refreshing native plugins compatible for Editor in 0.26 ms, found 0 plugins.
Preloading 0 native plugins for Editor in 0.00 ms.
Unloading 1116 Unused Serialized files (Serialized files now loaded: 0)
System memory in use before: 75.1 MB.
System memory in use after: 75.2 MB.

Unloading 4 unused Assets to reduce memory usage. Loaded Objects now: 1739.
Total: 2.806300 ms (FindLiveObjects: 0.289800 ms CreateObjectMapping: 0.072800 ms MarkObjects: 2.414700 ms  DeleteObjects: 0.025800 ms)

========================================================================
Received Prepare
Registering precompiled user dll's ...
Registered in 0.001453 seconds.
Begin MonoManager ReloadAssembly
Native extension for WindowsStandalone target not found
Refreshing native plugins compatible for Editor in 0.35 ms, found 0 plugins.
Preloading 0 native plugins for Editor in 0.00 ms.
Invoked RoslynAnalysisRunner static constructor.
RoslynAnalysisRunner will not be running.
RoslynAnalysisRunner has terminated.
Mono: successfully reloaded assembly
- Completed reload, in  1.156 seconds
Platform modules already initialized, skipping
Refreshing native plugins compatible for Editor in 0.26 ms, found 0 plugins.
Preloading 0 native plugins for Editor in 0.00 ms.
Unloading 1116 Unused Serialized files (Serialized files now loaded: 0)
System memory in use before: 75.1 MB.
System memory in use after: 75.2 MB.

Unloading 4 unused Assets to reduce memory usage. Loaded Objects now: 1742.
Total: 2.581400 ms (FindLiveObjects: 0.375000 ms CreateObjectMapping: 0.052500 ms MarkObjects: 2.125600 ms  DeleteObjects: 0.026400 ms)

========================================================================
Received Prepare
Registering precompiled user dll's ...
Registered in 0.001078 seconds.
Begin MonoManager ReloadAssembly
Native extension for WindowsStandalone target not found
Refreshing native plugins compatible for Editor in 0.26 ms, found 0 plugins.
Preloading 0 native plugins for Editor in 0.00 ms.
Invoked RoslynAnalysisRunner static constructor.
RoslynAnalysisRunner will not be running.
RoslynAnalysisRunner has terminated.
Mono: successfully reloaded assembly
- Completed reload, in  0.991 seconds
Platform modules already initialized, skipping
Refreshing native plugins compatible for Editor in 0.26 ms, found 0 plugins.
Preloading 0 native plugins for Editor in 0.00 ms.
Unloading 1116 Unused Serialized files (Serialized files now loaded: 0)
System memory in use before: 75.1 MB.
System memory in use after: 75.2 MB.

Unloading 4 unused Assets to reduce memory usage. Loaded Objects now: 1745.
Total: 2.936800 ms (FindLiveObjects: 0.295400 ms CreateObjectMapping: 0.044300 ms MarkObjects: 2.566900 ms  DeleteObjects: 0.027600 ms)

========================================================================
Received Prepare
Registering precompiled user dll's ...
Registered in 0.001644 seconds.
Begin MonoManager ReloadAssembly
Native extension for WindowsStandalone target not found
Refreshing native plugins compatible for Editor in 0.41 ms, found 0 plugins.
Preloading 0 native plugins for Editor in 0.00 ms.
Invoked RoslynAnalysisRunner static constructor.
RoslynAnalysisRunner will not be running.
RoslynAnalysisRunner has terminated.
Mono: successfully reloaded assembly
- Completed reload, in  0.956 seconds
Platform modules already initialized, skipping
Refreshing native plugins compatible for Editor in 0.26 ms, found 0 plugins.
Preloading 0 native plugins for Editor in 0.00 ms.
Unloading 1116 Unused Serialized files (Serialized files now loaded: 0)
System memory in use before: 75.1 MB.
System memory in use after: 75.2 MB.

Unloading 4 unused Assets to reduce memory usage. Loaded Objects now: 1748.
Total: 2.398100 ms (FindLiveObjects: 0.240900 ms CreateObjectMapping: 0.050800 ms MarkObjects: 2.083200 ms  DeleteObjects: 0.021400 ms)

========================================================================
Received Prepare
Registering precompiled user dll's ...
Registered in 0.001417 seconds.
Begin MonoManager ReloadAssembly
Native extension for WindowsStandalone target not found
Refreshing native plugins compatible for Editor in 0.26 ms, found 0 plugins.
Preloading 0 native plugins for Editor in 0.00 ms.
Invoked RoslynAnalysisRunner static constructor.
RoslynAnalysisRunner will not be running.
RoslynAnalysisRunner has terminated.
Mono: successfully reloaded assembly
- Completed reload, in  1.003 seconds
Platform modules already initialized, skipping
Refreshing native plugins compatible for Editor in 0.31 ms, found 0 plugins.
Preloading 0 native plugins for Editor in 0.00 ms.
Unloading 1116 Unused Serialized files (Serialized files now loaded: 0)
System memory in use before: 75.1 MB.
System memory in use after: 75.2 MB.

Unloading 4 unused Assets to reduce memory usage. Loaded Objects now: 1751.
Total: 2.559800 ms (FindLiveObjects: 0.218900 ms CreateObjectMapping: 0.038200 ms MarkObjects: 2.277200 ms  DeleteObjects: 0.023300 ms)

========================================================================
Received Prepare
Registering precompiled user dll's ...
Registered in 0.001132 seconds.
Begin MonoManager ReloadAssembly
Native extension for WindowsStandalone target not found
Refreshing native plugins compatible for Editor in 0.26 ms, found 0 plugins.
Preloading 0 native plugins for Editor in 0.00 ms.
Invoked RoslynAnalysisRunner static constructor.
RoslynAnalysisRunner will not be running.
RoslynAnalysisRunner has terminated.
Mono: successfully reloaded assembly
- Completed reload, in  1.125 seconds
Platform modules already initialized, skipping
Refreshing native plugins compatible for Editor in 0.28 ms, found 0 plugins.
Preloading 0 native plugins for Editor in 0.00 ms.
Unloading 1116 Unused Serialized files (Serialized files now loaded: 0)
System memory in use before: 75.1 MB.
System memory in use after: 75.2 MB.

Unloading 4 unused Assets to reduce memory usage. Loaded Objects now: 1754.
Total: 4.694700 ms (FindLiveObjects: 0.324600 ms CreateObjectMapping: 0.052000 ms MarkObjects: 4.286500 ms  DeleteObjects: 0.028900 ms)

========================================================================
Received Prepare
Registering precompiled user dll's ...
Registered in 0.000862 seconds.
Begin MonoManager ReloadAssembly
Native extension for WindowsStandalone target not found
Refreshing native plugins compatible for Editor in 0.26 ms, found 0 plugins.
Preloading 0 native plugins for Editor in 0.00 ms.
Invoked RoslynAnalysisRunner static constructor.
RoslynAnalysisRunner will not be running.
RoslynAnalysisRunner has terminated.
Mono: successfully reloaded assembly
- Completed reload, in  0.993 seconds
Platform modules already initialized, skipping
Refreshing native plugins compatible for Editor in 0.27 ms, found 0 plugins.
Preloading 0 native plugins for Editor in 0.00 ms.
Unloading 1116 Unused Serialized files (Serialized files now loaded: 0)
System memory in use before: 75.1 MB.
System memory in use after: 75.2 MB.

Unloading 4 unused Assets to reduce memory usage. Loaded Objects now: 1757.
Total: 2.025200 ms (FindLiveObjects: 0.211600 ms CreateObjectMapping: 0.035100 ms MarkObjects: 1.755900 ms  DeleteObjects: 0.021200 ms)

========================================================================
Received Prepare
Registering precompiled user dll's ...
Registered in 0.001039 seconds.
Begin MonoManager ReloadAssembly
Native extension for WindowsStandalone target not found
Refreshing native plugins compatible for Editor in 0.26 ms, found 0 plugins.
Preloading 0 native plugins for Editor in 0.00 ms.
Invoked RoslynAnalysisRunner static constructor.
RoslynAnalysisRunner will not be running.
RoslynAnalysisRunner has terminated.
Mono: successfully reloaded assembly
- Completed reload, in  0.979 seconds
Platform modules already initialized, skipping
Refreshing native plugins compatible for Editor in 0.38 ms, found 0 plugins.
Preloading 0 native plugins for Editor in 0.00 ms.
Unloading 1116 Unused Serialized files (Serialized files now loaded: 0)
System memory in use before: 75.1 MB.
System memory in use after: 75.3 MB.

Unloading 4 unused Assets to reduce memory usage. Loaded Objects now: 1760.
Total: 2.911300 ms (FindLiveObjects: 0.403800 ms CreateObjectMapping: 0.095300 ms MarkObjects: 2.377100 ms  DeleteObjects: 0.033300 ms)

========================================================================
Received Prepare
Registering precompiled user dll's ...
Registered in 0.001066 seconds.
Begin MonoManager ReloadAssembly
Native extension for WindowsStandalone target not found
Refreshing native plugins compatible for Editor in 0.26 ms, found 0 plugins.
Preloading 0 native plugins for Editor in 0.00 ms.
Invoked RoslynAnalysisRunner static constructor.
RoslynAnalysisRunner will not be running.
RoslynAnalysisRunner has terminated.
Mono: successfully reloaded assembly
- Completed reload, in  0.969 seconds
Platform modules already initialized, skipping
Refreshing native plugins compatible for Editor in 0.30 ms, found 0 plugins.
Preloading 0 native plugins for Editor in 0.00 ms.
Unloading 1116 Unused Serialized files (Serialized files now loaded: 0)
System memory in use before: 75.2 MB.
System memory in use after: 75.3 MB.

Unloading 4 unused Assets to reduce memory usage. Loaded Objects now: 1763.
Total: 2.427900 ms (FindLiveObjects: 0.298200 ms CreateObjectMapping: 0.060700 ms MarkObjects: 2.046100 ms  DeleteObjects: 0.021100 ms)

========================================================================
Received Import Request.
  Time since last request: 981.246360 seconds.
  path: Assets/Prefabs/NPC_AI.prefab
  artifactKey: Guid(8876c804b1674ec4982723a08e92b7a3) Importer(815301076,1909f56bfc062723c751e8b465ee728b)
Start importing Assets/Prefabs/NPC_AI.prefab using Guid(8876c804b1674ec4982723a08e92b7a3) Importer(815301076,1909f56bfc062723c751e8b465ee728b)  -> (artifact id: 'c5d932bc9d7789f25fdf99763cd7166b') in 0.128102 seconds
  Import took 0.131510 seconds .

========================================================================
Received Prepare
Registering precompiled user dll's ...
Registered in 0.000925 seconds.
Begin MonoManager ReloadAssembly
Native extension for WindowsStandalone target not found
Refreshing native plugins compatible for Editor in 0.27 ms, found 0 plugins.
Preloading 0 native plugins for Editor in 0.00 ms.
Invoked RoslynAnalysisRunner static constructor.
RoslynAnalysisRunner will not be running.
RoslynAnalysisRunner has terminated.
Mono: successfully reloaded assembly
- Completed reload, in  0.969 seconds
Platform modules already initialized, skipping
Refreshing native plugins compatible for Editor in 0.28 ms, found 0 plugins.
Preloading 0 native plugins for Editor in 0.00 ms.
Unloading 1116 Unused Serialized files (Serialized files now loaded: 0)
System memory in use before: 75.3 MB.
System memory in use after: 75.4 MB.

Unloading 4 unused Assets to reduce memory usage. Loaded Objects now: 1767.
Total: 2.620300 ms (FindLiveObjects: 0.276700 ms CreateObjectMapping: 0.042300 ms MarkObjects: 2.274300 ms  DeleteObjects: 0.025400 ms)

========================================================================
Received Prepare
Registering precompiled user dll's ...
Registered in 0.000848 seconds.
Begin MonoManager ReloadAssembly
Native extension for WindowsStandalone target not found
Refreshing native plugins compatible for Editor in 0.26 ms, found 0 plugins.
Preloading 0 native plugins for Editor in 0.00 ms.
Invoked RoslynAnalysisRunner static constructor.
RoslynAnalysisRunner will not be running.
RoslynAnalysisRunner has terminated.
Mono: successfully reloaded assembly
- Completed reload, in  1.011 seconds
Platform modules already initialized, skipping
Refreshing native plugins compatible for Editor in 0.27 ms, found 0 plugins.
Preloading 0 native plugins for Editor in 0.00 ms.
Unloading 1116 Unused Serialized files (Serialized files now loaded: 0)
System memory in use before: 75.3 MB.
System memory in use after: 75.4 MB.

Unloading 4 unused Assets to reduce memory usage. Loaded Objects now: 1770.
Total: 2.620400 ms (FindLiveObjects: 0.241100 ms CreateObjectMapping: 0.049800 ms MarkObjects: 2.304400 ms  DeleteObjects: 0.023300 ms)

========================================================================
Received Prepare
Registering precompiled user dll's ...
Registered in 0.000944 seconds.
Begin MonoManager ReloadAssembly
Native extension for WindowsStandalone target not found
Refreshing native plugins compatible for Editor in 0.26 ms, found 0 plugins.
Preloading 0 native plugins for Editor in 0.00 ms.
Invoked RoslynAnalysisRunner static constructor.
RoslynAnalysisRunner will not be running.
RoslynAnalysisRunner has terminated.
Mono: successfully reloaded assembly
- Completed reload, in  0.990 seconds
Platform modules already initialized, skipping
Refreshing native plugins compatible for Editor in 0.28 ms, found 0 plugins.
Preloading 0 native plugins for Editor in 0.00 ms.
Unloading 1116 Unused Serialized files (Serialized files now loaded: 0)
System memory in use before: 75.3 MB.
System memory in use after: 75.4 MB.

Unloading 4 unused Assets to reduce memory usage. Loaded Objects now: 1773.
Total: 2.754400 ms (FindLiveObjects: 0.251400 ms CreateObjectMapping: 0.053100 ms MarkObjects: 2.411000 ms  DeleteObjects: 0.037100 ms)

========================================================================
Received Prepare
Registering precompiled user dll's ...
Registered in 0.000845 seconds.
Begin MonoManager ReloadAssembly
Native extension for WindowsStandalone target not found
Refreshing native plugins compatible for Editor in 0.30 ms, found 0 plugins.
Preloading 0 native plugins for Editor in 0.00 ms.
Invoked RoslynAnalysisRunner static constructor.
RoslynAnalysisRunner will not be running.
RoslynAnalysisRunner has terminated.
Mono: successfully reloaded assembly
- Completed reload, in  0.966 seconds
Platform modules already initialized, skipping
Refreshing native plugins compatible for Editor in 0.27 ms, found 0 plugins.
Preloading 0 native plugins for Editor in 0.00 ms.
Unloading 1116 Unused Serialized files (Serialized files now loaded: 0)
System memory in use before: 75.3 MB.
System memory in use after: 75.4 MB.

Unloading 4 unused Assets to reduce memory usage. Loaded Objects now: 1776.
Total: 3.079900 ms (FindLiveObjects: 0.413100 ms CreateObjectMapping: 0.093800 ms MarkObjects: 2.545500 ms  DeleteObjects: 0.024900 ms)

========================================================================
Received Prepare
Registering precompiled user dll's ...
Registered in 0.001090 seconds.
Begin MonoManager ReloadAssembly
Native extension for WindowsStandalone target not found
Refreshing native plugins compatible for Editor in 0.30 ms, found 0 plugins.
Preloading 0 native plugins for Editor in 0.00 ms.
Invoked RoslynAnalysisRunner static constructor.
RoslynAnalysisRunner will not be running.
RoslynAnalysisRunner has terminated.
Mono: successfully reloaded assembly
- Completed reload, in  0.935 seconds
Platform modules already initialized, skipping
Refreshing native plugins compatible for Editor in 0.27 ms, found 0 plugins.
Preloading 0 native plugins for Editor in 0.00 ms.
Unloading 1116 Unused Serialized files (Serialized files now loaded: 0)
System memory in use before: 75.3 MB.
System memory in use after: 75.4 MB.

Unloading 4 unused Assets to reduce memory usage. Loaded Objects now: 1779.
Total: 2.381100 ms (FindLiveObjects: 0.236200 ms CreateObjectMapping: 0.045900 ms MarkObjects: 2.074600 ms  DeleteObjects: 0.023000 ms)

========================================================================
Received Import Request.
  Time since last request: 1286.248669 seconds.
  path: Assets/Prefabs/NPC_AI.prefab
  artifactKey: Guid(8876c804b1674ec4982723a08e92b7a3) Importer(815301076,1909f56bfc062723c751e8b465ee728b)
Start importing Assets/Prefabs/NPC_AI.prefab using Guid(8876c804b1674ec4982723a08e92b7a3) Importer(815301076,1909f56bfc062723c751e8b465ee728b)  -> (artifact id: 'e2aec6803281879d86e9aaf8c5f09098') in 0.150875 seconds
  Import took 0.154340 seconds .

========================================================================
Received Prepare
Registering precompiled user dll's ...
Registered in 0.000764 seconds.
Begin MonoManager ReloadAssembly
Native extension for WindowsStandalone target not found
Refreshing native plugins compatible for Editor in 0.26 ms, found 0 plugins.
Preloading 0 native plugins for Editor in 0.00 ms.
Invoked RoslynAnalysisRunner static constructor.
RoslynAnalysisRunner will not be running.
RoslynAnalysisRunner has terminated.
Mono: successfully reloaded assembly
- Completed reload, in  0.949 seconds
Platform modules already initialized, skipping
Refreshing native plugins compatible for Editor in 0.29 ms, found 0 plugins.
Preloading 0 native plugins for Editor in 0.00 ms.
Unloading 1116 Unused Serialized files (Serialized files now loaded: 0)
System memory in use before: 75.3 MB.
System memory in use after: 75.4 MB.

Unloading 4 unused Assets to reduce memory usage. Loaded Objects now: 1783.
Total: 2.757900 ms (FindLiveObjects: 0.220700 ms CreateObjectMapping: 0.044000 ms MarkObjects: 2.469200 ms  DeleteObjects: 0.022500 ms)

========================================================================
Received Import Request.
  Time since last request: 98.669674 seconds.
  path: Assets/Scripts/PlayerHealth.cs
  artifactKey: Guid(ccb7eea4502929645902f956ab954738) Importer(815301076,1909f56bfc062723c751e8b465ee728b)
Start importing Assets/Scripts/PlayerHealth.cs using Guid(ccb7eea4502929645902f956ab954738) Importer(815301076,1909f56bfc062723c751e8b465ee728b)  -> (artifact id: '36c3c7e5217783213d0be1021c049a8d') in 0.014752 seconds
  Import took 0.017699 seconds .

========================================================================
Received Import Request.
  Time since last request: 0.026381 seconds.
  path: Assets/Scripts/PlayerHealth.cs
  artifactKey: Guid(ccb7eea4502929645902f956ab954738) Importer(815301076,1909f56bfc062723c751e8b465ee728b)
Start importing Assets/Scripts/PlayerHealth.cs using Guid(ccb7eea4502929645902f956ab954738) Importer(815301076,1909f56bfc062723c751e8b465ee728b)  -> (artifact id: '36c3c7e5217783213d0be1021c049a8d') in 0.004835 seconds
  Import took 0.007259 seconds .

========================================================================
Received Prepare
Registering precompiled user dll's ...
Registered in 0.001010 seconds.
Begin MonoManager ReloadAssembly
Native extension for WindowsStandalone target not found
Refreshing native plugins compatible for Editor in 0.31 ms, found 0 plugins.
Preloading 0 native plugins for Editor in 0.00 ms.
Invoked RoslynAnalysisRunner static constructor.
RoslynAnalysisRunner will not be running.
RoslynAnalysisRunner has terminated.
Mono: successfully reloaded assembly
- Completed reload, in  0.941 seconds
Platform modules already initialized, skipping
Refreshing native plugins compatible for Editor in 0.26 ms, found 0 plugins.
Preloading 0 native plugins for Editor in 0.00 ms.
Unloading 1116 Unused Serialized files (Serialized files now loaded: 0)
System memory in use before: 75.3 MB.
System memory in use after: 75.4 MB.

Unloading 4 unused Assets to reduce memory usage. Loaded Objects now: 1786.
Total: 2.895500 ms (FindLiveObjects: 0.367000 ms CreateObjectMapping: 0.059500 ms MarkObjects: 2.441800 ms  DeleteObjects: 0.024600 ms)

AssetImportWorkerClient::OnTransportError - code=2 error=End of file
